<?xml version="1.0" encoding="UTF-8"?>
<testsuite xmlns:xsi="http://www.w3.org/2001/XMLSchema-instance" xsi:noNamespaceSchemaLocation="https://maven.apache.org/surefire/maven-surefire-plugin/xsd/surefire-test-report.xsd" name="com.excel.test.TestRedis" time="4.709" tests="1" errors="0" skipped="0" failures="0">
  <properties>
    <property name="sun.desktop" value="windows"/>
    <property name="awt.toolkit" value="sun.awt.windows.WToolkit"/>
    <property name="file.encoding.pkg" value="sun.io"/>
    <property name="java.specification.version" value="1.8"/>
    <property name="sun.cpu.isalist" value="amd64"/>
    <property name="sun.jnu.encoding" value="GBK"/>
    <property name="java.class.path" value="F:\workspace\git\ExcelPoi\target\test-classes;F:\workspace\git\ExcelPoi\target\classes;D:\Program Files\apache-maven-3.5.0\repository\org\springframework\boot\spring-boot-starter-cache\2.0.4.RELEASE\spring-boot-starter-cache-2.0.4.RELEASE.jar;D:\Program Files\apache-maven-3.5.0\repository\org\springframework\boot\spring-boot-starter\2.0.4.RELEASE\spring-boot-starter-2.0.4.RELEASE.jar;D:\Program Files\apache-maven-3.5.0\repository\org\springframework\boot\spring-boot-starter-logging\2.0.4.RELEASE\spring-boot-starter-logging-2.0.4.RELEASE.jar;D:\Program Files\apache-maven-3.5.0\repository\ch\qos\logback\logback-classic\1.2.3\logback-classic-1.2.3.jar;D:\Program Files\apache-maven-3.5.0\repository\ch\qos\logback\logback-core\1.2.3\logback-core-1.2.3.jar;D:\Program Files\apache-maven-3.5.0\repository\org\apache\logging\log4j\log4j-to-slf4j\2.10.0\log4j-to-slf4j-2.10.0.jar;D:\Program Files\apache-maven-3.5.0\repository\org\apache\logging\log4j\log4j-api\2.10.0\log4j-api-2.10.0.jar;D:\Program Files\apache-maven-3.5.0\repository\org\slf4j\jul-to-slf4j\1.7.25\jul-to-slf4j-1.7.25.jar;D:\Program Files\apache-maven-3.5.0\repository\javax\annotation\javax.annotation-api\1.3.2\javax.annotation-api-1.3.2.jar;D:\Program Files\apache-maven-3.5.0\repository\org\yaml\snakeyaml\1.19\snakeyaml-1.19.jar;D:\Program Files\apache-maven-3.5.0\repository\org\springframework\spring-context\5.0.8.RELEASE\spring-context-5.0.8.RELEASE.jar;D:\Program Files\apache-maven-3.5.0\repository\org\springframework\spring-aop\5.0.8.RELEASE\spring-aop-5.0.8.RELEASE.jar;D:\Program Files\apache-maven-3.5.0\repository\org\springframework\spring-beans\5.0.8.RELEASE\spring-beans-5.0.8.RELEASE.jar;D:\Program Files\apache-maven-3.5.0\repository\org\springframework\spring-expression\5.0.8.RELEASE\spring-expression-5.0.8.RELEASE.jar;D:\Program Files\apache-maven-3.5.0\repository\org\springframework\spring-context-support\5.0.8.RELEASE\spring-context-support-5.0.8.RELEASE.jar;D:\Program Files\apache-maven-3.5.0\repository\org\springframework\boot\spring-boot-starter-data-jpa\2.0.4.RELEASE\spring-boot-starter-data-jpa-2.0.4.RELEASE.jar;D:\Program Files\apache-maven-3.5.0\repository\org\springframework\boot\spring-boot-starter-aop\2.0.4.RELEASE\spring-boot-starter-aop-2.0.4.RELEASE.jar;D:\Program Files\apache-maven-3.5.0\repository\org\aspectj\aspectjweaver\1.8.13\aspectjweaver-1.8.13.jar;D:\Program Files\apache-maven-3.5.0\repository\org\springframework\boot\spring-boot-starter-jdbc\2.0.4.RELEASE\spring-boot-starter-jdbc-2.0.4.RELEASE.jar;D:\Program Files\apache-maven-3.5.0\repository\com\zaxxer\HikariCP\2.7.9\HikariCP-2.7.9.jar;D:\Program Files\apache-maven-3.5.0\repository\org\springframework\spring-jdbc\5.0.8.RELEASE\spring-jdbc-5.0.8.RELEASE.jar;D:\Program Files\apache-maven-3.5.0\repository\org\hibernate\hibernate-core\5.2.17.Final\hibernate-core-5.2.17.Final.jar;D:\Program Files\apache-maven-3.5.0\repository\org\jboss\logging\jboss-logging\3.3.2.Final\jboss-logging-3.3.2.Final.jar;D:\Program Files\apache-maven-3.5.0\repository\org\hibernate\javax\persistence\hibernate-jpa-2.1-api\1.0.2.Final\hibernate-jpa-2.1-api-1.0.2.Final.jar;D:\Program Files\apache-maven-3.5.0\repository\org\javassist\javassist\3.22.0-GA\javassist-3.22.0-GA.jar;D:\Program Files\apache-maven-3.5.0\repository\antlr\antlr\2.7.7\antlr-2.7.7.jar;D:\Program Files\apache-maven-3.5.0\repository\org\jboss\jandex\2.0.3.Final\jandex-2.0.3.Final.jar;D:\Program Files\apache-maven-3.5.0\repository\com\fasterxml\classmate\1.3.4\classmate-1.3.4.jar;D:\Program Files\apache-maven-3.5.0\repository\org\hibernate\common\hibernate-commons-annotations\5.0.1.Final\hibernate-commons-annotations-5.0.1.Final.jar;D:\Program Files\apache-maven-3.5.0\repository\javax\transaction\javax.transaction-api\1.2\javax.transaction-api-1.2.jar;D:\Program Files\apache-maven-3.5.0\repository\org\springframework\data\spring-data-jpa\2.0.9.RELEASE\spring-data-jpa-2.0.9.RELEASE.jar;D:\Program Files\apache-maven-3.5.0\repository\org\springframework\data\spring-data-commons\2.0.9.RELEASE\spring-data-commons-2.0.9.RELEASE.jar;D:\Program Files\apache-maven-3.5.0\repository\org\springframework\spring-orm\5.0.8.RELEASE\spring-orm-5.0.8.RELEASE.jar;D:\Program Files\apache-maven-3.5.0\repository\org\springframework\spring-tx\5.0.8.RELEASE\spring-tx-5.0.8.RELEASE.jar;D:\Program Files\apache-maven-3.5.0\repository\org\slf4j\slf4j-api\1.7.25\slf4j-api-1.7.25.jar;D:\Program Files\apache-maven-3.5.0\repository\org\springframework\spring-aspects\5.0.8.RELEASE\spring-aspects-5.0.8.RELEASE.jar;D:\Program Files\apache-maven-3.5.0\repository\org\springframework\boot\spring-boot-starter-data-redis\2.0.4.RELEASE\spring-boot-starter-data-redis-2.0.4.RELEASE.jar;D:\Program Files\apache-maven-3.5.0\repository\org\springframework\data\spring-data-redis\2.0.9.RELEASE\spring-data-redis-2.0.9.RELEASE.jar;D:\Program Files\apache-maven-3.5.0\repository\org\springframework\data\spring-data-keyvalue\2.0.9.RELEASE\spring-data-keyvalue-2.0.9.RELEASE.jar;D:\Program Files\apache-maven-3.5.0\repository\org\springframework\spring-oxm\5.0.8.RELEASE\spring-oxm-5.0.8.RELEASE.jar;D:\Program Files\apache-maven-3.5.0\repository\io\lettuce\lettuce-core\5.0.4.RELEASE\lettuce-core-5.0.4.RELEASE.jar;D:\Program Files\apache-maven-3.5.0\repository\io\projectreactor\reactor-core\3.1.8.RELEASE\reactor-core-3.1.8.RELEASE.jar;D:\Program Files\apache-maven-3.5.0\repository\org\reactivestreams\reactive-streams\1.0.2\reactive-streams-1.0.2.jar;D:\Program Files\apache-maven-3.5.0\repository\io\netty\netty-common\4.1.27.Final\netty-common-4.1.27.Final.jar;D:\Program Files\apache-maven-3.5.0\repository\io\netty\netty-transport\4.1.27.Final\netty-transport-4.1.27.Final.jar;D:\Program Files\apache-maven-3.5.0\repository\io\netty\netty-buffer\4.1.27.Final\netty-buffer-4.1.27.Final.jar;D:\Program Files\apache-maven-3.5.0\repository\io\netty\netty-resolver\4.1.27.Final\netty-resolver-4.1.27.Final.jar;D:\Program Files\apache-maven-3.5.0\repository\io\netty\netty-handler\4.1.27.Final\netty-handler-4.1.27.Final.jar;D:\Program Files\apache-maven-3.5.0\repository\io\netty\netty-codec\4.1.27.Final\netty-codec-4.1.27.Final.jar;D:\Program Files\apache-maven-3.5.0\repository\org\springframework\boot\spring-boot-starter-web\2.0.4.RELEASE\spring-boot-starter-web-2.0.4.RELEASE.jar;D:\Program Files\apache-maven-3.5.0\repository\org\springframework\boot\spring-boot-starter-json\2.0.4.RELEASE\spring-boot-starter-json-2.0.4.RELEASE.jar;D:\Program Files\apache-maven-3.5.0\repository\com\fasterxml\jackson\core\jackson-databind\2.9.6\jackson-databind-2.9.6.jar;D:\Program Files\apache-maven-3.5.0\repository\com\fasterxml\jackson\core\jackson-annotations\2.9.0\jackson-annotations-2.9.0.jar;D:\Program Files\apache-maven-3.5.0\repository\com\fasterxml\jackson\core\jackson-core\2.9.6\jackson-core-2.9.6.jar;D:\Program Files\apache-maven-3.5.0\repository\com\fasterxml\jackson\datatype\jackson-datatype-jdk8\2.9.6\jackson-datatype-jdk8-2.9.6.jar;D:\Program Files\apache-maven-3.5.0\repository\com\fasterxml\jackson\datatype\jackson-datatype-jsr310\2.9.6\jackson-datatype-jsr310-2.9.6.jar;D:\Program Files\apache-maven-3.5.0\repository\com\fasterxml\jackson\module\jackson-module-parameter-names\2.9.6\jackson-module-parameter-names-2.9.6.jar;D:\Program Files\apache-maven-3.5.0\repository\org\springframework\boot\spring-boot-starter-tomcat\2.0.4.RELEASE\spring-boot-starter-tomcat-2.0.4.RELEASE.jar;D:\Program Files\apache-maven-3.5.0\repository\org\apache\tomcat\embed\tomcat-embed-websocket\8.5.32\tomcat-embed-websocket-8.5.32.jar;D:\Program Files\apache-maven-3.5.0\repository\org\hibernate\validator\hibernate-validator\6.0.11.Final\hibernate-validator-6.0.11.Final.jar;D:\Program Files\apache-maven-3.5.0\repository\javax\validation\validation-api\2.0.1.Final\validation-api-2.0.1.Final.jar;D:\Program Files\apache-maven-3.5.0\repository\org\springframework\spring-web\5.0.8.RELEASE\spring-web-5.0.8.RELEASE.jar;D:\Program Files\apache-maven-3.5.0\repository\org\springframework\spring-webmvc\5.0.8.RELEASE\spring-webmvc-5.0.8.RELEASE.jar;D:\Program Files\apache-maven-3.5.0\repository\org\springframework\boot\spring-boot-devtools\2.0.4.RELEASE\spring-boot-devtools-2.0.4.RELEASE.jar;D:\Program Files\apache-maven-3.5.0\repository\org\springframework\boot\spring-boot\2.0.4.RELEASE\spring-boot-2.0.4.RELEASE.jar;D:\Program Files\apache-maven-3.5.0\repository\org\springframework\boot\spring-boot-autoconfigure\2.0.4.RELEASE\spring-boot-autoconfigure-2.0.4.RELEASE.jar;D:\Program Files\apache-maven-3.5.0\repository\mysql\mysql-connector-java\5.1.46\mysql-connector-java-5.1.46.jar;D:\Program Files\apache-maven-3.5.0\repository\org\springframework\boot\spring-boot-starter-test\2.0.4.RELEASE\spring-boot-starter-test-2.0.4.RELEASE.jar;D:\Program Files\apache-maven-3.5.0\repository\org\springframework\boot\spring-boot-test\2.0.4.RELEASE\spring-boot-test-2.0.4.RELEASE.jar;D:\Program Files\apache-maven-3.5.0\repository\org\springframework\boot\spring-boot-test-autoconfigure\2.0.4.RELEASE\spring-boot-test-autoconfigure-2.0.4.RELEASE.jar;D:\Program Files\apache-maven-3.5.0\repository\com\jayway\jsonpath\json-path\2.4.0\json-path-2.4.0.jar;D:\Program Files\apache-maven-3.5.0\repository\net\minidev\json-smart\2.3\json-smart-2.3.jar;D:\Program Files\apache-maven-3.5.0\repository\net\minidev\accessors-smart\1.2\accessors-smart-1.2.jar;D:\Program Files\apache-maven-3.5.0\repository\org\ow2\asm\asm\5.0.4\asm-5.0.4.jar;D:\Program Files\apache-maven-3.5.0\repository\junit\junit\4.12\junit-4.12.jar;D:\Program Files\apache-maven-3.5.0\repository\org\assertj\assertj-core\3.9.1\assertj-core-3.9.1.jar;D:\Program Files\apache-maven-3.5.0\repository\org\mockito\mockito-core\2.15.0\mockito-core-2.15.0.jar;D:\Program Files\apache-maven-3.5.0\repository\net\bytebuddy\byte-buddy\1.7.11\byte-buddy-1.7.11.jar;D:\Program Files\apache-maven-3.5.0\repository\net\bytebuddy\byte-buddy-agent\1.7.11\byte-buddy-agent-1.7.11.jar;D:\Program Files\apache-maven-3.5.0\repository\org\objenesis\objenesis\2.6\objenesis-2.6.jar;D:\Program Files\apache-maven-3.5.0\repository\org\hamcrest\hamcrest-core\1.3\hamcrest-core-1.3.jar;D:\Program Files\apache-maven-3.5.0\repository\org\hamcrest\hamcrest-library\1.3\hamcrest-library-1.3.jar;D:\Program Files\apache-maven-3.5.0\repository\org\skyscreamer\jsonassert\1.5.0\jsonassert-1.5.0.jar;D:\Program Files\apache-maven-3.5.0\repository\com\vaadin\external\google\android-json\0.0.20131108.vaadin1\android-json-0.0.20131108.vaadin1.jar;D:\Program Files\apache-maven-3.5.0\repository\org\springframework\spring-core\5.0.8.RELEASE\spring-core-5.0.8.RELEASE.jar;D:\Program Files\apache-maven-3.5.0\repository\org\springframework\spring-jcl\5.0.8.RELEASE\spring-jcl-5.0.8.RELEASE.jar;D:\Program Files\apache-maven-3.5.0\repository\org\springframework\spring-test\5.0.8.RELEASE\spring-test-5.0.8.RELEASE.jar;D:\Program Files\apache-maven-3.5.0\repository\org\xmlunit\xmlunit-core\2.5.1\xmlunit-core-2.5.1.jar;D:\Program Files\apache-maven-3.5.0\repository\redis\clients\jedis\2.9.0\jedis-2.9.0.jar;D:\Program Files\apache-maven-3.5.0\repository\org\apache\commons\commons-pool2\2.5.0\commons-pool2-2.5.0.jar;D:\Program Files\apache-maven-3.5.0\repository\org\apache\poi\poi-ooxml\3.8\poi-ooxml-3.8.jar;D:\Program Files\apache-maven-3.5.0\repository\org\apache\poi\poi-ooxml-schemas\3.8\poi-ooxml-schemas-3.8.jar;D:\Program Files\apache-maven-3.5.0\repository\org\apache\xmlbeans\xmlbeans\2.3.0\xmlbeans-2.3.0.jar;D:\Program Files\apache-maven-3.5.0\repository\stax\stax-api\1.0.1\stax-api-1.0.1.jar;D:\Program Files\apache-maven-3.5.0\repository\dom4j\dom4j\1.6.1\dom4j-1.6.1.jar;D:\Program Files\apache-maven-3.5.0\repository\xml-apis\xml-apis\1.4.01\xml-apis-1.4.01.jar;D:\Program Files\apache-maven-3.5.0\repository\org\apache\poi\poi\3.8\poi-3.8.jar;D:\Program Files\apache-maven-3.5.0\repository\commons-codec\commons-codec\1.11\commons-codec-1.11.jar;D:\Program Files\apache-maven-3.5.0\repository\org\apache\tomcat\embed\tomcat-embed-jasper\8.5.32\tomcat-embed-jasper-8.5.32.jar;D:\Program Files\apache-maven-3.5.0\repository\org\apache\tomcat\embed\tomcat-embed-core\8.5.32\tomcat-embed-core-8.5.32.jar;D:\Program Files\apache-maven-3.5.0\repository\org\apache\tomcat\tomcat-annotations-api\8.5.32\tomcat-annotations-api-8.5.32.jar;D:\Program Files\apache-maven-3.5.0\repository\org\apache\tomcat\embed\tomcat-embed-el\8.5.32\tomcat-embed-el-8.5.32.jar;D:\Program Files\apache-maven-3.5.0\repository\org\eclipse\jdt\ecj\3.12.3\ecj-3.12.3.jar;D:\Program Files\apache-maven-3.5.0\repository\javax\servlet\jstl\1.2\jstl-1.2.jar;D:\Program Files\apache-maven-3.5.0\repository\org\springframework\boot\spring-boot-configuration-processor\2.0.4.RELEASE\spring-boot-configuration-processor-2.0.4.RELEASE.jar;"/>
    <property name="java.vm.vendor" value="Oracle Corporation"/>
    <property name="sun.arch.data.model" value="64"/>
    <property name="user.variant" value=""/>
    <property name="java.vendor.url" value="http://java.oracle.com/"/>
    <property name="user.timezone" value=""/>
    <property name="java.vm.specification.version" value="1.8"/>
    <property name="os.name" value="Windows 10"/>
    <property name="user.country" value="CN"/>
    <property name="sun.java.launcher" value="SUN_STANDARD"/>
    <property name="sun.boot.library.path" value="C:\Program Files\Java\jdk1.8.0_144\jre\bin"/>
    <property name="sun.java.command" value="C:\Users\aoomiao\AppData\Local\Temp\surefire7312749235701101610\surefirebooter2974357420977483926.jar C:\Users\aoomiao\AppData\Local\Temp\surefire7312749235701101610 2018-08-20T16-49-04_080-jvmRun1 surefire5469802552987141399tmp surefire_0976757861079943431tmp"/>
    <property name="surefire.test.class.path" value="F:\workspace\git\ExcelPoi\target\test-classes;F:\workspace\git\ExcelPoi\target\classes;D:\Program Files\apache-maven-3.5.0\repository\org\springframework\boot\spring-boot-starter-cache\2.0.4.RELEASE\spring-boot-starter-cache-2.0.4.RELEASE.jar;D:\Program Files\apache-maven-3.5.0\repository\org\springframework\boot\spring-boot-starter\2.0.4.RELEASE\spring-boot-starter-2.0.4.RELEASE.jar;D:\Program Files\apache-maven-3.5.0\repository\org\springframework\boot\spring-boot-starter-logging\2.0.4.RELEASE\spring-boot-starter-logging-2.0.4.RELEASE.jar;D:\Program Files\apache-maven-3.5.0\repository\ch\qos\logback\logback-classic\1.2.3\logback-classic-1.2.3.jar;D:\Program Files\apache-maven-3.5.0\repository\ch\qos\logback\logback-core\1.2.3\logback-core-1.2.3.jar;D:\Program Files\apache-maven-3.5.0\repository\org\apache\logging\log4j\log4j-to-slf4j\2.10.0\log4j-to-slf4j-2.10.0.jar;D:\Program Files\apache-maven-3.5.0\repository\org\apache\logging\log4j\log4j-api\2.10.0\log4j-api-2.10.0.jar;D:\Program Files\apache-maven-3.5.0\repository\org\slf4j\jul-to-slf4j\1.7.25\jul-to-slf4j-1.7.25.jar;D:\Program Files\apache-maven-3.5.0\repository\javax\annotation\javax.annotation-api\1.3.2\javax.annotation-api-1.3.2.jar;D:\Program Files\apache-maven-3.5.0\repository\org\yaml\snakeyaml\1.19\snakeyaml-1.19.jar;D:\Program Files\apache-maven-3.5.0\repository\org\springframework\spring-context\5.0.8.RELEASE\spring-context-5.0.8.RELEASE.jar;D:\Program Files\apache-maven-3.5.0\repository\org\springframework\spring-aop\5.0.8.RELEASE\spring-aop-5.0.8.RELEASE.jar;D:\Program Files\apache-maven-3.5.0\repository\org\springframework\spring-beans\5.0.8.RELEASE\spring-beans-5.0.8.RELEASE.jar;D:\Program Files\apache-maven-3.5.0\repository\org\springframework\spring-expression\5.0.8.RELEASE\spring-expression-5.0.8.RELEASE.jar;D:\Program Files\apache-maven-3.5.0\repository\org\springframework\spring-context-support\5.0.8.RELEASE\spring-context-support-5.0.8.RELEASE.jar;D:\Program Files\apache-maven-3.5.0\repository\org\springframework\boot\spring-boot-starter-data-jpa\2.0.4.RELEASE\spring-boot-starter-data-jpa-2.0.4.RELEASE.jar;D:\Program Files\apache-maven-3.5.0\repository\org\springframework\boot\spring-boot-starter-aop\2.0.4.RELEASE\spring-boot-starter-aop-2.0.4.RELEASE.jar;D:\Program Files\apache-maven-3.5.0\repository\org\aspectj\aspectjweaver\1.8.13\aspectjweaver-1.8.13.jar;D:\Program Files\apache-maven-3.5.0\repository\org\springframework\boot\spring-boot-starter-jdbc\2.0.4.RELEASE\spring-boot-starter-jdbc-2.0.4.RELEASE.jar;D:\Program Files\apache-maven-3.5.0\repository\com\zaxxer\HikariCP\2.7.9\HikariCP-2.7.9.jar;D:\Program Files\apache-maven-3.5.0\repository\org\springframework\spring-jdbc\5.0.8.RELEASE\spring-jdbc-5.0.8.RELEASE.jar;D:\Program Files\apache-maven-3.5.0\repository\org\hibernate\hibernate-core\5.2.17.Final\hibernate-core-5.2.17.Final.jar;D:\Program Files\apache-maven-3.5.0\repository\org\jboss\logging\jboss-logging\3.3.2.Final\jboss-logging-3.3.2.Final.jar;D:\Program Files\apache-maven-3.5.0\repository\org\hibernate\javax\persistence\hibernate-jpa-2.1-api\1.0.2.Final\hibernate-jpa-2.1-api-1.0.2.Final.jar;D:\Program Files\apache-maven-3.5.0\repository\org\javassist\javassist\3.22.0-GA\javassist-3.22.0-GA.jar;D:\Program Files\apache-maven-3.5.0\repository\antlr\antlr\2.7.7\antlr-2.7.7.jar;D:\Program Files\apache-maven-3.5.0\repository\org\jboss\jandex\2.0.3.Final\jandex-2.0.3.Final.jar;D:\Program Files\apache-maven-3.5.0\repository\com\fasterxml\classmate\1.3.4\classmate-1.3.4.jar;D:\Program Files\apache-maven-3.5.0\repository\org\hibernate\common\hibernate-commons-annotations\5.0.1.Final\hibernate-commons-annotations-5.0.1.Final.jar;D:\Program Files\apache-maven-3.5.0\repository\javax\transaction\javax.transaction-api\1.2\javax.transaction-api-1.2.jar;D:\Program Files\apache-maven-3.5.0\repository\org\springframework\data\spring-data-jpa\2.0.9.RELEASE\spring-data-jpa-2.0.9.RELEASE.jar;D:\Program Files\apache-maven-3.5.0\repository\org\springframework\data\spring-data-commons\2.0.9.RELEASE\spring-data-commons-2.0.9.RELEASE.jar;D:\Program Files\apache-maven-3.5.0\repository\org\springframework\spring-orm\5.0.8.RELEASE\spring-orm-5.0.8.RELEASE.jar;D:\Program Files\apache-maven-3.5.0\repository\org\springframework\spring-tx\5.0.8.RELEASE\spring-tx-5.0.8.RELEASE.jar;D:\Program Files\apache-maven-3.5.0\repository\org\slf4j\slf4j-api\1.7.25\slf4j-api-1.7.25.jar;D:\Program Files\apache-maven-3.5.0\repository\org\springframework\spring-aspects\5.0.8.RELEASE\spring-aspects-5.0.8.RELEASE.jar;D:\Program Files\apache-maven-3.5.0\repository\org\springframework\boot\spring-boot-starter-data-redis\2.0.4.RELEASE\spring-boot-starter-data-redis-2.0.4.RELEASE.jar;D:\Program Files\apache-maven-3.5.0\repository\org\springframework\data\spring-data-redis\2.0.9.RELEASE\spring-data-redis-2.0.9.RELEASE.jar;D:\Program Files\apache-maven-3.5.0\repository\org\springframework\data\spring-data-keyvalue\2.0.9.RELEASE\spring-data-keyvalue-2.0.9.RELEASE.jar;D:\Program Files\apache-maven-3.5.0\repository\org\springframework\spring-oxm\5.0.8.RELEASE\spring-oxm-5.0.8.RELEASE.jar;D:\Program Files\apache-maven-3.5.0\repository\io\lettuce\lettuce-core\5.0.4.RELEASE\lettuce-core-5.0.4.RELEASE.jar;D:\Program Files\apache-maven-3.5.0\repository\io\projectreactor\reactor-core\3.1.8.RELEASE\reactor-core-3.1.8.RELEASE.jar;D:\Program Files\apache-maven-3.5.0\repository\org\reactivestreams\reactive-streams\1.0.2\reactive-streams-1.0.2.jar;D:\Program Files\apache-maven-3.5.0\repository\io\netty\netty-common\4.1.27.Final\netty-common-4.1.27.Final.jar;D:\Program Files\apache-maven-3.5.0\repository\io\netty\netty-transport\4.1.27.Final\netty-transport-4.1.27.Final.jar;D:\Program Files\apache-maven-3.5.0\repository\io\netty\netty-buffer\4.1.27.Final\netty-buffer-4.1.27.Final.jar;D:\Program Files\apache-maven-3.5.0\repository\io\netty\netty-resolver\4.1.27.Final\netty-resolver-4.1.27.Final.jar;D:\Program Files\apache-maven-3.5.0\repository\io\netty\netty-handler\4.1.27.Final\netty-handler-4.1.27.Final.jar;D:\Program Files\apache-maven-3.5.0\repository\io\netty\netty-codec\4.1.27.Final\netty-codec-4.1.27.Final.jar;D:\Program Files\apache-maven-3.5.0\repository\org\springframework\boot\spring-boot-starter-web\2.0.4.RELEASE\spring-boot-starter-web-2.0.4.RELEASE.jar;D:\Program Files\apache-maven-3.5.0\repository\org\springframework\boot\spring-boot-starter-json\2.0.4.RELEASE\spring-boot-starter-json-2.0.4.RELEASE.jar;D:\Program Files\apache-maven-3.5.0\repository\com\fasterxml\jackson\core\jackson-databind\2.9.6\jackson-databind-2.9.6.jar;D:\Program Files\apache-maven-3.5.0\repository\com\fasterxml\jackson\core\jackson-annotations\2.9.0\jackson-annotations-2.9.0.jar;D:\Program Files\apache-maven-3.5.0\repository\com\fasterxml\jackson\core\jackson-core\2.9.6\jackson-core-2.9.6.jar;D:\Program Files\apache-maven-3.5.0\repository\com\fasterxml\jackson\datatype\jackson-datatype-jdk8\2.9.6\jackson-datatype-jdk8-2.9.6.jar;D:\Program Files\apache-maven-3.5.0\repository\com\fasterxml\jackson\datatype\jackson-datatype-jsr310\2.9.6\jackson-datatype-jsr310-2.9.6.jar;D:\Program Files\apache-maven-3.5.0\repository\com\fasterxml\jackson\module\jackson-module-parameter-names\2.9.6\jackson-module-parameter-names-2.9.6.jar;D:\Program Files\apache-maven-3.5.0\repository\org\springframework\boot\spring-boot-starter-tomcat\2.0.4.RELEASE\spring-boot-starter-tomcat-2.0.4.RELEASE.jar;D:\Program Files\apache-maven-3.5.0\repository\org\apache\tomcat\embed\tomcat-embed-websocket\8.5.32\tomcat-embed-websocket-8.5.32.jar;D:\Program Files\apache-maven-3.5.0\repository\org\hibernate\validator\hibernate-validator\6.0.11.Final\hibernate-validator-6.0.11.Final.jar;D:\Program Files\apache-maven-3.5.0\repository\javax\validation\validation-api\2.0.1.Final\validation-api-2.0.1.Final.jar;D:\Program Files\apache-maven-3.5.0\repository\org\springframework\spring-web\5.0.8.RELEASE\spring-web-5.0.8.RELEASE.jar;D:\Program Files\apache-maven-3.5.0\repository\org\springframework\spring-webmvc\5.0.8.RELEASE\spring-webmvc-5.0.8.RELEASE.jar;D:\Program Files\apache-maven-3.5.0\repository\org\springframework\boot\spring-boot-devtools\2.0.4.RELEASE\spring-boot-devtools-2.0.4.RELEASE.jar;D:\Program Files\apache-maven-3.5.0\repository\org\springframework\boot\spring-boot\2.0.4.RELEASE\spring-boot-2.0.4.RELEASE.jar;D:\Program Files\apache-maven-3.5.0\repository\org\springframework\boot\spring-boot-autoconfigure\2.0.4.RELEASE\spring-boot-autoconfigure-2.0.4.RELEASE.jar;D:\Program Files\apache-maven-3.5.0\repository\mysql\mysql-connector-java\5.1.46\mysql-connector-java-5.1.46.jar;D:\Program Files\apache-maven-3.5.0\repository\org\springframework\boot\spring-boot-starter-test\2.0.4.RELEASE\spring-boot-starter-test-2.0.4.RELEASE.jar;D:\Program Files\apache-maven-3.5.0\repository\org\springframework\boot\spring-boot-test\2.0.4.RELEASE\spring-boot-test-2.0.4.RELEASE.jar;D:\Program Files\apache-maven-3.5.0\repository\org\springframework\boot\spring-boot-test-autoconfigure\2.0.4.RELEASE\spring-boot-test-autoconfigure-2.0.4.RELEASE.jar;D:\Program Files\apache-maven-3.5.0\repository\com\jayway\jsonpath\json-path\2.4.0\json-path-2.4.0.jar;D:\Program Files\apache-maven-3.5.0\repository\net\minidev\json-smart\2.3\json-smart-2.3.jar;D:\Program Files\apache-maven-3.5.0\repository\net\minidev\accessors-smart\1.2\accessors-smart-1.2.jar;D:\Program Files\apache-maven-3.5.0\repository\org\ow2\asm\asm\5.0.4\asm-5.0.4.jar;D:\Program Files\apache-maven-3.5.0\repository\junit\junit\4.12\junit-4.12.jar;D:\Program Files\apache-maven-3.5.0\repository\org\assertj\assertj-core\3.9.1\assertj-core-3.9.1.jar;D:\Program Files\apache-maven-3.5.0\repository\org\mockito\mockito-core\2.15.0\mockito-core-2.15.0.jar;D:\Program Files\apache-maven-3.5.0\repository\net\bytebuddy\byte-buddy\1.7.11\byte-buddy-1.7.11.jar;D:\Program Files\apache-maven-3.5.0\repository\net\bytebuddy\byte-buddy-agent\1.7.11\byte-buddy-agent-1.7.11.jar;D:\Program Files\apache-maven-3.5.0\repository\org\objenesis\objenesis\2.6\objenesis-2.6.jar;D:\Program Files\apache-maven-3.5.0\repository\org\hamcrest\hamcrest-core\1.3\hamcrest-core-1.3.jar;D:\Program Files\apache-maven-3.5.0\repository\org\hamcrest\hamcrest-library\1.3\hamcrest-library-1.3.jar;D:\Program Files\apache-maven-3.5.0\repository\org\skyscreamer\jsonassert\1.5.0\jsonassert-1.5.0.jar;D:\Program Files\apache-maven-3.5.0\repository\com\vaadin\external\google\android-json\0.0.20131108.vaadin1\android-json-0.0.20131108.vaadin1.jar;D:\Program Files\apache-maven-3.5.0\repository\org\springframework\spring-core\5.0.8.RELEASE\spring-core-5.0.8.RELEASE.jar;D:\Program Files\apache-maven-3.5.0\repository\org\springframework\spring-jcl\5.0.8.RELEASE\spring-jcl-5.0.8.RELEASE.jar;D:\Program Files\apache-maven-3.5.0\repository\org\springframework\spring-test\5.0.8.RELEASE\spring-test-5.0.8.RELEASE.jar;D:\Program Files\apache-maven-3.5.0\repository\org\xmlunit\xmlunit-core\2.5.1\xmlunit-core-2.5.1.jar;D:\Program Files\apache-maven-3.5.0\repository\redis\clients\jedis\2.9.0\jedis-2.9.0.jar;D:\Program Files\apache-maven-3.5.0\repository\org\apache\commons\commons-pool2\2.5.0\commons-pool2-2.5.0.jar;D:\Program Files\apache-maven-3.5.0\repository\org\apache\poi\poi-ooxml\3.8\poi-ooxml-3.8.jar;D:\Program Files\apache-maven-3.5.0\repository\org\apache\poi\poi-ooxml-schemas\3.8\poi-ooxml-schemas-3.8.jar;D:\Program Files\apache-maven-3.5.0\repository\org\apache\xmlbeans\xmlbeans\2.3.0\xmlbeans-2.3.0.jar;D:\Program Files\apache-maven-3.5.0\repository\stax\stax-api\1.0.1\stax-api-1.0.1.jar;D:\Program Files\apache-maven-3.5.0\repository\dom4j\dom4j\1.6.1\dom4j-1.6.1.jar;D:\Program Files\apache-maven-3.5.0\repository\xml-apis\xml-apis\1.4.01\xml-apis-1.4.01.jar;D:\Program Files\apache-maven-3.5.0\repository\org\apache\poi\poi\3.8\poi-3.8.jar;D:\Program Files\apache-maven-3.5.0\repository\commons-codec\commons-codec\1.11\commons-codec-1.11.jar;D:\Program Files\apache-maven-3.5.0\repository\org\apache\tomcat\embed\tomcat-embed-jasper\8.5.32\tomcat-embed-jasper-8.5.32.jar;D:\Program Files\apache-maven-3.5.0\repository\org\apache\tomcat\embed\tomcat-embed-core\8.5.32\tomcat-embed-core-8.5.32.jar;D:\Program Files\apache-maven-3.5.0\repository\org\apache\tomcat\tomcat-annotations-api\8.5.32\tomcat-annotations-api-8.5.32.jar;D:\Program Files\apache-maven-3.5.0\repository\org\apache\tomcat\embed\tomcat-embed-el\8.5.32\tomcat-embed-el-8.5.32.jar;D:\Program Files\apache-maven-3.5.0\repository\org\eclipse\jdt\ecj\3.12.3\ecj-3.12.3.jar;D:\Program Files\apache-maven-3.5.0\repository\javax\servlet\jstl\1.2\jstl-1.2.jar;D:\Program Files\apache-maven-3.5.0\repository\org\springframework\boot\spring-boot-configuration-processor\2.0.4.RELEASE\spring-boot-configuration-processor-2.0.4.RELEASE.jar;"/>
    <property name="sun.cpu.endian" value="little"/>
    <property name="user.home" value="C:\Users\aoomiao"/>
    <property name="user.language" value="zh"/>
    <property name="java.specification.vendor" value="Oracle Corporation"/>
    <property name="java.home" value="C:\Program Files\Java\jdk1.8.0_144\jre"/>
    <property name="basedir" value="F:\workspace\git\ExcelPoi"/>
    <property name="file.separator" value="\"/>
    <property name="line.separator" value="&#10;"/>
    <property name="java.vm.specification.vendor" value="Oracle Corporation"/>
    <property name="java.specification.name" value="Java Platform API Specification"/>
    <property name="java.awt.graphicsenv" value="sun.awt.Win32GraphicsEnvironment"/>
    <property name="surefire.real.class.path" value="C:\Users\aoomiao\AppData\Local\Temp\surefire7312749235701101610\surefirebooter2974357420977483926.jar"/>
    <property name="sun.boot.class.path" value="C:\Program Files\Java\jdk1.8.0_144\jre\lib\resources.jar;C:\Program Files\Java\jdk1.8.0_144\jre\lib\rt.jar;C:\Program Files\Java\jdk1.8.0_144\jre\lib\sunrsasign.jar;C:\Program Files\Java\jdk1.8.0_144\jre\lib\jsse.jar;C:\Program Files\Java\jdk1.8.0_144\jre\lib\jce.jar;C:\Program Files\Java\jdk1.8.0_144\jre\lib\charsets.jar;C:\Program Files\Java\jdk1.8.0_144\jre\lib\jfr.jar;C:\Program Files\Java\jdk1.8.0_144\jre\classes"/>
    <property name="user.script" value=""/>
    <property name="sun.management.compiler" value="HotSpot 64-Bit Tiered Compilers"/>
    <property name="java.runtime.version" value="1.8.0_144-b01"/>
    <property name="user.name" value="aoomiao"/>
    <property name="path.separator" value=";"/>
    <property name="os.version" value="10.0"/>
    <property name="java.endorsed.dirs" value="C:\Program Files\Java\jdk1.8.0_144\jre\lib\endorsed"/>
    <property name="java.runtime.name" value="Java(TM) SE Runtime Environment"/>
    <property name="file.encoding" value="GBK"/>
    <property name="java.vm.name" value="Java HotSpot(TM) 64-Bit Server VM"/>
    <property name="localRepository" value="D:\Program Files\apache-maven-3.5.0\repository"/>
    <property name="java.vendor.url.bug" value="http://bugreport.sun.com/bugreport/"/>
    <property name="java.io.tmpdir" value="C:\Users\aoomiao\AppData\Local\Temp\"/>
    <property name="java.version" value="1.8.0_144"/>
    <property name="user.dir" value="F:\workspace\git\ExcelPoi"/>
    <property name="os.arch" value="amd64"/>
    <property name="java.vm.specification.name" value="Java Virtual Machine Specification"/>
    <property name="java.awt.printerjob" value="sun.awt.windows.WPrinterJob"/>
    <property name="sun.os.patch.level" value=""/>
    <property name="java.library.path" value="C:\Program Files\Java\jdk1.8.0_144\jre\bin;C:\Windows\Sun\Java\bin;C:\Windows\system32;C:\Windows;C:/Program Files/Java/jdk1.8.0_144/bin/../jre/bin/server;C:/Program Files/Java/jdk1.8.0_144/bin/../jre/bin;C:/Program Files/Java/jdk1.8.0_144/bin/../jre/lib/amd64;D:\oracle\product\11.2.0\dbhome_1\bin;C:\Windows\system32;C:\Windows;C:\Windows\System32\Wbem;C:\Windows\System32\WindowsPowerShell\v1.0\;C:\Program Files\Java\jdk1.8.0_144\bin;C:\Program Files\Java\jdk1.8.0_144\jre\bin;D:\Program Files\apache-maven-3.5.0\bin;C:\Program Files\MySQL\MySQL Utilities 1.6\;D:\Program Files\apache-tomcat-8.0.48\bin;D:\Program Files\PuTTY\;D:\Program Files (x86)\OpenSSH\bin;C:\Program Files\TortoiseSVN\bin;D:\Program Files\Git\cmd;C:\Program Files (x86)\HP\IdrsOCR_15.2.10.1114\;C:\Users\aoomiao\AppData\Local\Microsoft\WindowsApps;C:\Program Files\Java\jdk1.8.0_144\bin;;E:\sts-3.9.5.RELEASE;;."/>
    <property name="java.vm.info" value="mixed mode"/>
    <property name="java.vendor" value="Oracle Corporation"/>
    <property name="java.vm.version" value="25.144-b01"/>
    <property name="java.ext.dirs" value="C:\Program Files\Java\jdk1.8.0_144\jre\lib\ext;C:\Windows\Sun\Java\lib\ext"/>
    <property name="sun.io.unicode.encoding" value="UnicodeLittle"/>
    <property name="java.class.version" value="52.0"/>
  </properties>
  <testcase name="set" classname="com.excel.test.TestRedis" time="0.127"/>
</testsuite>